i:\ugit\luac\lualib\x64\debug\lib\lualib.pdb
i:\ugit\luac\lualib\x64\debug\lib\lualib.idb
i:\ugit\luac\lualib\x64\debug\obj\loadlib_rel.obj
i:\ugit\luac\lualib\x64\debug\obj\loadlib.obj
i:\ugit\luac\lualib\x64\debug\obj\lmem.obj
i:\ugit\luac\lualib\x64\debug\obj\lmathlib.obj
i:\ugit\luac\lualib\x64\debug\obj\llex.obj
i:\ugit\luac\lualib\x64\debug\obj\liolib.obj
i:\ugit\luac\lualib\x64\debug\obj\linit.obj
i:\ugit\luac\lualib\x64\debug\obj\lgc.obj
i:\ugit\luac\lualib\x64\debug\obj\lfunc.obj
i:\ugit\luac\lualib\x64\debug\obj\ldump.obj
i:\ugit\luac\lualib\x64\debug\obj\ldo.obj
i:\ugit\luac\lualib\x64\debug\obj\ldebug.obj
i:\ugit\luac\lualib\x64\debug\obj\ldblib.obj
i:\ugit\luac\lualib\x64\debug\obj\lctype.obj
i:\ugit\luac\lualib\x64\debug\obj\lcorolib.obj
i:\ugit\luac\lualib\x64\debug\obj\lcode.obj
i:\ugit\luac\lualib\x64\debug\obj\lbitlib.obj
i:\ugit\luac\lualib\x64\debug\obj\lbaselib.obj
i:\ugit\luac\lualib\x64\debug\obj\lauxlib.obj
i:\ugit\luac\lualib\x64\debug\obj\lapi.obj
i:\ugit\luac\lualib\x64\debug\obj\wmain.obj
i:\ugit\luac\lualib\x64\debug\obj\lzio.obj
i:\ugit\luac\lualib\x64\debug\obj\lvm.obj
i:\ugit\luac\lualib\x64\debug\obj\lutf8lib.obj
i:\ugit\luac\lualib\x64\debug\obj\lundump.obj
i:\ugit\luac\lualib\x64\debug\obj\ltm.obj
i:\ugit\luac\lualib\x64\debug\obj\ltablib.obj
i:\ugit\luac\lualib\x64\debug\obj\ltable.obj
i:\ugit\luac\lualib\x64\debug\obj\lstrlib.obj
i:\ugit\luac\lualib\x64\debug\obj\lstring.obj
i:\ugit\luac\lualib\x64\debug\obj\lstate.obj
i:\ugit\luac\lualib\x64\debug\obj\lparser.obj
i:\ugit\luac\lualib\x64\debug\obj\loslib.obj
i:\ugit\luac\lualib\x64\debug\obj\lopcodes.obj
i:\ugit\luac\lualib\x64\debug\obj\lobject.obj
i:\ugit\luac\lualib\x64\debug\lib\lualib.lib
i:\ugit\luac\lualib\x64\debug\obj\lua.res
i:\ugit\luac\lualib\x64\debug\obj\luac.res
i:\ugit\luac\lualib\x64\debug\obj\lualib.tlog\cl.command.1.tlog
i:\ugit\luac\lualib\x64\debug\obj\lualib.tlog\cl.read.1.tlog
i:\ugit\luac\lualib\x64\debug\obj\lualib.tlog\cl.write.1.tlog
i:\ugit\luac\lualib\x64\debug\obj\lualib.tlog\lib-link-cvtres.31172.read.1.tlog
i:\ugit\luac\lualib\x64\debug\obj\lualib.tlog\lib-link-cvtres.31172.write.1.tlog
i:\ugit\luac\lualib\x64\debug\obj\lualib.tlog\lib.command.1.tlog
i:\ugit\luac\lualib\x64\debug\obj\lualib.tlog\rc.command.1.tlog
i:\ugit\luac\lualib\x64\debug\obj\lualib.tlog\rc.read.1.tlog
i:\ugit\luac\lualib\x64\debug\obj\lualib.tlog\rc.write.1.tlog
